<?xml version="1.0" encoding="UTF-8"?>
<!-- Generated by org.testng.reporters.JUnitReportReporter -->
<testsuite hostname="har-PC" name="com.tests.Test1" tests="1" failures="0" timestamp="22 May 2014 19:49:41 GMT" time="0.008" errors="0">
  <testcase name="ttest" time="0.008" classname="com.tests.Test1"/>
</testsuite>
