<?xml version="1.0" encoding="UTF-8"?>
<!-- Generated by org.testng.reporters.JUnitReportReporter -->
<testsuite hostname="har-PC" name="com.test.PayTest" tests="1" failures="0" timestamp="15 May 2014 21:13:57 GMT" time="0.002" errors="0">
  <testcase name="t" time="0.002" classname="com.test.PayTest"/>
</testsuite> <!-- com.test.PayTest -->
