<?xml version="1.0" encoding="UTF-8"?>
<!-- Generated by org.testng.reporters.JUnitReportReporter -->
<testsuite hostname="har-PC" name="com.test.TestPayment" tests="2" failures="0" timestamp="15 May 2014 19:41:50 GMT" time="0.013" errors="0">
  <testcase name="testcase1" time="0.012" classname="com.test.TestPayment"/>
  <testcase name="testcase2" time="0.001" classname="com.test.TestPayment"/>
</testsuite> <!-- com.test.TestPayment -->
