<?xml version="1.0" encoding="UTF-8"?>
<!-- Generated by org.testng.reporters.JUnitReportReporter -->
<testsuite hostname="har-PC" name="com.test.Pay" tests="1" failures="0" timestamp="16 May 2014 16:07:07 GMT" time="0.021" errors="0">
  <testcase name="t" time="0.021" classname="com.test.Pay"/>
</testsuite> <!-- com.test.Pay -->
