<?xml version="1.0" encoding="UTF-8"?>
<!-- Generated by org.testng.reporters.JUnitReportReporter -->
<testsuite hostname="har-PC" name="com.test.PaymentTest" tests="2" failures="0" timestamp="22 May 2014 19:48:33 GMT" time="0.009" errors="0">
  <testcase name="testcase2" time="0.008" classname="com.test.PaymentTest"/>
  <testcase name="testcase1" time="0.001" classname="com.test.PaymentTest"/>
</testsuite>
