<?xml version="1.0" encoding="UTF-8"?>
<!-- Generated by org.testng.reporters.JUnitReportReporter -->
<testsuite hostname="har-PC" name="com.test.PayTest" tests="1" failures="0" timestamp="15 May 2014 21:07:56 GMT" time="0.008" errors="0">
  <testcase name="t" time="0.008" classname="com.test.PayTest"/>
</testsuite>
