<?xml version="1.0" encoding="UTF-8"?>
<!-- Generated by org.testng.reporters.JUnitReportReporter -->
<testsuite hostname="har-PC" name="com.test.Pay" tests="1" failures="0" timestamp="22 May 2014 19:48:33 GMT" time="0.008" errors="0">
  <testcase name="t" time="0.008" classname="com.test.Pay"/>
</testsuite>
